<?xml version="1.0" encoding="UTF-8"?>
<testsuite name="io.nbaynham.examples.TestParallel" tests="1" skipped="0" failures="0" errors="0" timestamp="2019-10-17T23:16:08" hostname="2K2C5M2" time="0.0">
  <properties/>
  <testcase name="test" classname="io.nbaynham.examples.TestParallel" time="0.0"/>
  <system-out><![CDATA[]]></system-out>
  <system-err><![CDATA[]]></system-err>
</testsuite>
