<?xml version="1.0" encoding="UTF-8"?>
<testsuite name="io.nbaynham.examples.TestSelenium" tests="5" skipped="0" failures="0" errors="0" timestamp="2019-10-17T23:16:08" hostname="2K2C5M2" time="25.239">
  <properties/>
  <testcase name="testChrome" classname="io.nbaynham.examples.TestSelenium" time="3.914"/>
  <testcase name="testEdge" classname="io.nbaynham.examples.TestSelenium" time="4.059"/>
  <testcase name="testFirefox" classname="io.nbaynham.examples.TestSelenium" time="4.597"/>
  <testcase name="testRemote" classname="io.nbaynham.examples.TestSelenium" time="8.469"/>
  <testcase name="testRemoteMac" classname="io.nbaynham.examples.TestSelenium" time="4.197"/>
  <system-out><![CDATA[]]></system-out>
  <system-err><![CDATA[Starting ChromeDriver 76.0.3809.126 (d80a294506b4c9d18015e755cee48f953ddc3f2f-refs/branch-heads/3809@{#1024}) on port 40038
Only local connections are allowed.
Please protect ports used by ChromeDriver and related test frameworks to prevent access by malicious code.
[1571354170.448][WARNING]: This version of ChromeDriver has not been tested with Chrome version 77.
Oct 17, 2019 7:16:11 PM org.openqa.selenium.remote.ProtocolHandshake createSession
INFO: Detected dialect: W3C
[19:16:12.323] - Listening on http://localhost:40678/ 
Oct 17, 2019 7:16:13 PM org.openqa.selenium.remote.ProtocolHandshake createSession
INFO: Detected dialect: OSS
[19:16:15.799] - Stopping server.
1571354176896	mozrunner::runner	INFO	Running command: "C:\\Program Files\\Mozilla Firefox\\firefox.exe" "-marionette" "-foreground" "-no-remote" "-profile" "C:\\Users\\nbaynham\\AppData\\Local\\Temp\\rust_mozprofileo4Txui"
1571354177360	addons.webextension.screenshots@mozilla.org	WARN	Loading extension 'screenshots@mozilla.org': Reading manifest: Invalid extension permission: mozillaAddons
1571354177360	addons.webextension.screenshots@mozilla.org	WARN	Loading extension 'screenshots@mozilla.org': Reading manifest: Invalid extension permission: telemetry
1571354177360	addons.webextension.screenshots@mozilla.org	WARN	Loading extension 'screenshots@mozilla.org': Reading manifest: Invalid extension permission: resource://pdf.js/
1571354177360	addons.webextension.screenshots@mozilla.org	WARN	Loading extension 'screenshots@mozilla.org': Reading manifest: Invalid extension permission: about:reader*
JavaScript error: resource://gre/modules/XULStore.jsm, line 66: Error: Can't find profile directory.
1571354179057	Marionette	INFO	Listening on port 65505
1571354179114	Marionette	WARN	TLS certificate errors will be ignored for this session
Oct 17, 2019 7:16:19 PM org.openqa.selenium.remote.ProtocolHandshake createSession
INFO: Detected dialect: W3C
1571354179176	Marionette	INFO	Stopped listening on port 65505
[Parent 10960, Gecko_IOThread] WARNING: pipe error: 109: file z:/task_1570640083/build/src/ipc/chromium/src/chrome/common/ipc_channel_win.cc, line 341
[Child 10144, Chrome_ChildThread] WARNING: pipe error: 109: file z:/task_1570640083/build/src/ipc/chromium/src/chrome/common/ipc_channel_win.cc, line 341
[Child 10144, Chrome_ChildThread] WARNING: [Parent 10960, Gecko_IOThread] WARNING: pipe error: 109: file z:/task_1570640083/build/src/ipc/chromium/src/chrome/common/ipc_channel_win.cc, line 341
[Child 34564, Chrome_ChildThread] WARNING: pipe error: 109: file z:/task_1570640083/build/src/ipc/chromium/src/chrome/common/ipc_channel_win.cc, line 341
[Child 34564, Chrome_ChildThread] [Parent 10960, Gecko_IOThread] WARNING: pipe error: 109: file z:/task_1570640083/build/src/ipc/chromium/src/chrome/common/ipc_channel_win.cc, line 341
[Child 35512, Chrome_ChildThread] WARNING: pipe error: 109: file z:/task_1570640083/build/src/ipc/chromium/src/chrome/common/ipc_channel_win.cc, line 341
[Child 35512, Chrome_ChildThread
###!!! [Child][RunMessage] Error: Channel closing: too late to send/recv, messages will be lost

[GPU 22500, Chrome_ChildThread]
###!!! [Child][MessageChannel::SendAndWait] Error: Channel error: cannot send/recv

JavaScript error: resource://gre/modules/osfile/osfile_native.jsm, line 64: NS_ERROR_NOT_INITIALIZED: Component returned failure code: 0xc1f30001 (NS_ERROR_NOT_INITIALIZED) [nsINativeOSFileInternalsService.read]
Oct 17, 2019 7:16:20 PM org.openqa.selenium.remote.DesiredCapabilities chrome
INFO: Using `new ChromeOptions()` is preferred to `DesiredCapabilities.chrome()`
Oct 17, 2019 7:16:23 PM org.openqa.selenium.remote.ProtocolHandshake createSession
INFO: Detected dialect: W3C
Oct 17, 2019 7:16:29 PM org.openqa.selenium.remote.DesiredCapabilities chrome
INFO: Using `new ChromeOptions()` is preferred to `DesiredCapabilities.chrome()`
Oct 17, 2019 7:16:31 PM org.openqa.selenium.remote.ProtocolHandshake createSession
INFO: Detected dialect: W3C
]]></system-err>
</testsuite>
